<?xml version="1.0" encoding="utf-8"?><testsuites name="pytest tests"><testsuite name="pytest" errors="0" failures="0" skipped="0" tests="4" time="0.854" timestamp="2026-04-23T15:46:37.069227+00:00" hostname="agent-env-fd31e534-6f73-4342-86e7-e5a0c927558c"><testcase classname="backend.tests.test_contact_api.TestContactAPI" name="test_post_contact_success" time="0.258" /><testcase classname="backend.tests.test_contact_api.TestContactAPI" name="test_post_contact_missing_fields" time="0.160" /><testcase classname="backend.tests.test_contact_api.TestContactAPI" name="test_get_contact_messages" time="0.152" /><testcase classname="backend.tests.test_contact_api.TestContactAPI" name="test_api_root" time="0.128" /></testsuite></testsuites>