<?xml version="1.0" encoding="utf-8"?><testsuites name="pytest tests"><testsuite name="pytest" errors="0" failures="0" skipped="0" tests="15" time="3.034" timestamp="2026-04-26T19:00:23.191460+00:00" hostname="agent-env-fd31e534-6f73-4342-86e7-e5a0c927558c"><testcase classname="backend.tests.test_iteration5.TestAuth" name="test_login_success" time="0.512" /><testcase classname="backend.tests.test_iteration5.TestAuth" name="test_login_wrong_password" time="0.343" /><testcase classname="backend.tests.test_iteration5.TestAuth" name="test_get_me" time="0.507" /><testcase classname="backend.tests.test_iteration5.TestAuth" name="test_get_me_unauthenticated" time="0.162" /><testcase classname="backend.tests.test_iteration5.TestPublicProducts" name="test_get_all_products" time="0.110" /><testcase classname="backend.tests.test_iteration5.TestPublicProducts" name="test_get_products_by_category" time="0.155" /><testcase classname="backend.tests.test_iteration5.TestPublicProducts" name="test_product_response_structure" time="0.107" /><testcase classname="backend.tests.test_iteration5.TestAdminProducts" name="test_create_product" time="0.157" /><testcase classname="backend.tests.test_iteration5.TestAdminProducts" name="test_update_product" time="0.108" /><testcase classname="backend.tests.test_iteration5.TestAdminProducts" name="test_delete_product" time="0.124" /><testcase classname="backend.tests.test_iteration5.TestAdminProducts" name="test_create_product_unauthenticated" time="0.114" /><testcase classname="backend.tests.test_iteration5.TestAdminContacts" name="test_submit_contact" time="0.107" /><testcase classname="backend.tests.test_iteration5.TestAdminContacts" name="test_get_contacts" time="0.106" /><testcase classname="backend.tests.test_iteration5.TestAdminContacts" name="test_mark_contact_read" time="0.148" /><testcase classname="backend.tests.test_iteration5.TestAdminContacts" name="test_delete_contact" time="0.108" /></testsuite></testsuites>